<?xml version="1.0" encoding="utf-8"?><testsuites><testsuite errors="0" failures="2" hostname="570" name="pytest" skipped="0" tests="4" time="25.471" timestamp="2021-05-21T10:36:07.680674"><testcase classname="tests.system_test.tunnel" name="test_running[required_arguments0-optional_arguments0]" time="6.259"><failure message="assert 1 == 0">self = &lt;tests.system_test.tunnel&gt;
capsys = &lt;_pytest.capture.CaptureFixture object at 0x00000156D89D4248&gt;
cli_runner = &lt;tests.system_test.cli_runner.CliRunner object at 0x00000156D5F2EF88&gt;
teardown = &lt;function teardown.&lt;locals&gt;.terminate_session at 0x00000156D6670AF8&gt;

&gt;           assert ret_code == 0
E           assert 1 == 0

tests\system_test\tunnel\test.py:15: AssertionError</failure></testcase><testcase classname="tests.system_test" name="test_stopped[required_arguments0-optional_arguments0]" time="5.680" /><testcase classname="tests.system_test.tunnel" name="test_[required_arguments0-optional_arguments0]" time="5.769"><failure message="assert 1 == 0">self = &lt;tests.system_test.tunnel.test&gt;
capsys = &lt;_pytest.capture.CaptureFixture object at 0x00000156D89CBE48&gt;
cli_runner = &lt;tests.system_test.cli_runner.CliRunner object at 0x00000156DB112A08&gt;
teardown = &lt;function teardown.&lt;locals&gt;.terminate_session at 0x00000156DA9518B8&gt;

&gt;           assert ret_code == 0
E           assert 1 == 0

tests\system_test\tunnel\test.py:15: AssertionError</failure></testcase><testcase classname="tests.system_test.tunnel" name="testrguments0-optional_arguments0]" time="5.783" /></testsuite></testsuites>